2025-06-06 06:29:56,049 [INFO] Activator:176 - 


2025-06-06 06:29:56,060 [INFO] Activator:177 - !SESSION log4j initialized
2025-06-06 06:30:06,708 [INFO] LogOutputStream:77 - [STDOUT_REDIRECT] 
2025-06-06 06:30:08,387 [INFO] ApplicationProperties:184 - Using Application install path: C:\ST\STM32CubeIDE_1.18.1\STM32CubeIDE\plugins\com.st.stm32cube.common.mx_6.14.1.202504091515
2025-06-06 06:30:08,409 [INFO] DbMcusXml:78 - Set database path to: C:\ST\STM32CubeIDE_1.18.1\STM32CubeIDE\plugins\com.st.stm32cube.common.mx_6.14.1.202504091515\\db\/mcu/
2025-06-06 06:30:08,409 [INFO] ApiDb:274 - Set plugin database path to: C:\ST\STM32CubeIDE_1.18.1\STM32CubeIDE\plugins\com.st.stm32cube.common.mx_6.14.1.202504091515\\db\/plugins/boardmanager/
2025-06-06 06:30:08,410 [WARN] ApiDb:259 - Overriding images path with different value:  => C:\ST\STM32CubeIDE_1.18.1\STM32CubeIDE\plugins\com.st.stm32cube.common.mx_6.14.1.202504091515\\db\/plugins/mcufinder/images/
2025-06-06 06:30:08,420 [INFO] ApiDb:250 - Set database path to: C:\Users\klee\.stmcufinder\plugins\mcufinder//mcu/
2025-06-06 06:30:08,423 [INFO] DbMcusAds:125 - Set database path to: C:\Users\klee\.stmcufinder\plugins\mcufinder//mcu/
2025-06-06 06:30:08,426 [INFO] CrossReferenceDbSqlite:203 - Set database path to: C:\Users\klee\.stmcufinder\plugins\mcufinder//mcu/cs/
2025-06-06 06:30:08,607 [INFO] RulesReader:64 - Compatibility file has been processed (302 Rules)
2025-06-06 06:30:08,737 [INFO] DbMcusXml:78 - Set database path to: C:\ST\STM32CubeIDE_1.18.1\STM32CubeIDE\plugins\com.st.stm32cube.common.mx_6.14.1.202504091515\\db\/mcu/
2025-06-06 06:30:08,737 [INFO] ApiDb:274 - Set plugin database path to: C:\ST\STM32CubeIDE_1.18.1\STM32CubeIDE\plugins\com.st.stm32cube.common.mx_6.14.1.202504091515\\db\/plugins/boardmanager/
2025-06-06 06:30:08,737 [INFO] ApiDb:261 - Set plugin images path to: C:\ST\STM32CubeIDE_1.18.1\STM32CubeIDE\plugins\com.st.stm32cube.common.mx_6.14.1.202504091515\\db\/plugins/mcufinder/images/
2025-06-06 06:30:08,737 [WARN] DbFile:41 - Overriding database path with different value: C:\Users\klee\.stmcufinder\plugins\mcufinder/ => C:\Users\klee\.stmcufinder\plugins\mcufinder
2025-06-06 06:30:08,737 [INFO] ApiDb:250 - Set database path to: C:\Users\klee\.stmcufinder\plugins\mcufinder//mcu/
2025-06-06 06:30:08,738 [WARN] DbFile:41 - Overriding database path with different value: C:\Users\klee\.stmcufinder\plugins\mcufinder/ => C:\Users\klee\.stmcufinder\plugins\mcufinder
2025-06-06 06:30:08,738 [INFO] DbMcusAds:125 - Set database path to: C:\Users\klee\.stmcufinder\plugins\mcufinder//mcu/
2025-06-06 06:30:08,738 [WARN] DbFile:41 - Overriding database path with different value: C:\Users\klee\.stmcufinder\plugins\mcufinder/ => C:\Users\klee\.stmcufinder\plugins\mcufinder
2025-06-06 06:30:08,738 [WARN] DbFile:41 - Overriding database path with different value: C:\Users\klee\.stmcufinder\plugins\mcufinder/ => C:\Users\klee\.stmcufinder\plugins\mcufinder
2025-06-06 06:30:08,738 [INFO] CrossReferenceDbSqlite:203 - Set database path to: C:\Users\klee\.stmcufinder\plugins\mcufinder//mcu/cs/
2025-06-06 06:30:08,872 [INFO] MainPanel:272 - HeapMemory: 268435456
2025-06-06 06:30:09,030 [INFO] DbMcusXml:78 - Set database path to: C:\ST\STM32CubeIDE_1.18.1\STM32CubeIDE\plugins\com.st.stm32cube.common.mx_6.14.1.202504091515\\db\/mcu/
2025-06-06 06:30:09,031 [INFO] ApiDb:274 - Set plugin database path to: C:\ST\STM32CubeIDE_1.18.1\STM32CubeIDE\plugins\com.st.stm32cube.common.mx_6.14.1.202504091515\\db\/plugins/boardmanager/
2025-06-06 06:30:09,031 [INFO] ApiDb:261 - Set plugin images path to: C:\ST\STM32CubeIDE_1.18.1\STM32CubeIDE\plugins\com.st.stm32cube.common.mx_6.14.1.202504091515\\db\/plugins/mcufinder/images/
2025-06-06 06:30:09,031 [WARN] DbFile:41 - Overriding database path with different value: C:\Users\klee\.stmcufinder\plugins\mcufinder/ => C:\Users\klee\.stmcufinder\plugins\mcufinder
2025-06-06 06:30:09,031 [INFO] ApiDb:250 - Set database path to: C:\Users\klee\.stmcufinder\plugins\mcufinder//mcu/
2025-06-06 06:30:09,032 [WARN] DbFile:41 - Overriding database path with different value: C:\Users\klee\.stmcufinder\plugins\mcufinder/ => C:\Users\klee\.stmcufinder\plugins\mcufinder
2025-06-06 06:30:09,032 [INFO] DbMcusAds:125 - Set database path to: C:\Users\klee\.stmcufinder\plugins\mcufinder//mcu/
2025-06-06 06:30:09,032 [WARN] DbFile:41 - Overriding database path with different value: C:\Users\klee\.stmcufinder\plugins\mcufinder/ => C:\Users\klee\.stmcufinder\plugins\mcufinder
2025-06-06 06:30:09,032 [WARN] DbFile:41 - Overriding database path with different value: C:\Users\klee\.stmcufinder\plugins\mcufinder/ => C:\Users\klee\.stmcufinder\plugins\mcufinder
2025-06-06 06:30:09,032 [INFO] CrossReferenceDbSqlite:203 - Set database path to: C:\Users\klee\.stmcufinder\plugins\mcufinder//mcu/cs/
2025-06-06 06:30:09,061 [INFO] ApplicationProperties:184 - Using Application install path: C:\ST\STM32CubeIDE_1.18.1\STM32CubeIDE\plugins\com.st.stm32cube.common.mx_6.14.1.202504091515
2025-06-06 06:30:09,063 [INFO] PluginManage:196 - Search for loadable plugins [exclusion list=, ]
2025-06-06 06:30:09,065 [INFO] PluginManage:310 - Check plugin analytics
2025-06-06 06:30:09,348 [INFO] AnalyticsPlugin:253 - Accepted Software Licenses: 
2025-06-06 06:30:09,348 [INFO] AnalyticsPlugin:255 - Accepted CMSIS Pack Licenses: 
2025-06-06 06:30:09,350 [INFO] AnalyticsPlugin:257 - Accepted Firmware Licenses: FW.F4.1.28.0
2025-06-06 06:30:09,355 [INFO] PluginManage:359 - Loaded plugin analytics (category:tool,tabindex:-1)
2025-06-06 06:30:09,355 [INFO] PluginManage:310 - Check plugin cadmodel
2025-06-06 06:30:09,363 [INFO] CADModel:105 - Init CAD model plugin
2025-06-06 06:30:09,364 [INFO] PluginManage:359 - Loaded plugin cadmodel (category:power,tabindex:5)
2025-06-06 06:30:09,364 [INFO] PluginManage:310 - Check plugin clock
2025-06-06 06:30:09,379 [INFO] PluginManage:359 - Loaded plugin clock (category:base,tabindex:2)
2025-06-06 06:30:09,379 [INFO] PluginManage:310 - Check plugin ddr
2025-06-06 06:30:09,383 [INFO] PluginManage:359 - Loaded plugin ddr (category:tool,tabindex:6)
2025-06-06 06:30:09,383 [INFO] PluginManage:310 - Check plugin filemanager
2025-06-06 06:30:09,626 [INFO] PluginManage:359 - Loaded plugin filemanager (category:base,tabindex:10)
2025-06-06 06:30:09,626 [INFO] PluginManage:310 - Check plugin ipmanager
2025-06-06 06:30:09,639 [INFO] PluginManage:359 - Loaded plugin ipmanager (category:base,tabindex:5)
2025-06-06 06:30:09,639 [INFO] PluginManage:310 - Check plugin lpbam
2025-06-06 06:30:09,652 [INFO] PluginManage:359 - Loaded plugin lpbam (category:base,tabindex:0)
2025-06-06 06:30:09,652 [INFO] PluginManage:310 - Check plugin memorymap
2025-06-06 06:30:09,677 [INFO] PluginManage:359 - Loaded plugin memorymap (category:base,tabindex:4)
2025-06-06 06:30:09,677 [INFO] PluginManage:310 - Check plugin pinoutandconfiguration
2025-06-06 06:30:09,691 [INFO] PluginManage:359 - Loaded plugin pinoutandconfiguration (category:base,tabindex:1)
2025-06-06 06:30:09,693 [INFO] PluginManage:310 - Check plugin pinoutconfig
2025-06-06 06:30:09,840 [WARN] SupportedApi:132 - Cannot load RTOS API schema: s4s-elt-must-match.1: The content of 'definitions' must match (annotation?, (simpleType | complexType)?, (unique | key | keyref)*)). A problem was found starting at: attribute.
2025-06-06 06:30:10,067 [INFO] PluginManage:359 - Loaded plugin pinoutconfig (category:base,tabindex:0)
2025-06-06 06:30:10,067 [INFO] PluginManage:310 - Check plugin power
2025-06-06 06:30:10,084 [INFO] PluginManage:359 - Loaded plugin power (category:power,tabindex:4)
2025-06-06 06:30:10,084 [INFO] PluginManage:310 - Check plugin projectmanager
2025-06-06 06:30:10,111 [INFO] PluginManage:359 - Loaded plugin projectmanager (category:projectmanager,tabindex:4)
2025-06-06 06:30:10,111 [INFO] PluginManage:310 - Check plugin rif
2025-06-06 06:30:10,124 [INFO] PluginManage:359 - Loaded plugin rif (category:base,tabindex:3)
2025-06-06 06:30:10,124 [INFO] PluginManage:310 - Check plugin thirdparty
2025-06-06 06:30:10,361 [INFO] PluginManage:359 - Loaded plugin thirdparty (category:base,tabindex:-1)
2025-06-06 06:30:10,361 [WARN] IntegrityCheckThread:84 - waiting for thirdparty lock release [integrity check]
2025-06-06 06:30:10,361 [INFO] PluginManage:310 - Check plugin tools
2025-06-06 06:30:10,361 [INFO] IntegrityCheckThread:86 - entering critical section [integrity check]
2025-06-06 06:30:10,363 [INFO] ThirdPartyUpdaterWithRetryManager:70 - Updater plugin not ready yet. [1/15]
2025-06-06 06:30:10,366 [INFO] PluginManage:359 - Loaded plugin tools (category:base,tabindex:7)
2025-06-06 06:30:10,367 [INFO] PluginManage:310 - Check plugin tutovideos
2025-06-06 06:30:10,679 [INFO] PluginManage:359 - Loaded plugin tutovideos (category:base,tabindex:-1)
2025-06-06 06:30:10,679 [INFO] PluginManage:310 - Check plugin updater
2025-06-06 06:30:10,731 [INFO] PluginManage:359 - Loaded plugin updater (category:base,tabindex:12)
2025-06-06 06:30:10,731 [INFO] PluginManage:310 - Check plugin userauth
2025-06-06 06:30:10,738 [INFO] UserAuth:118 - Init User Auth plugin
2025-06-06 06:30:10,739 [INFO] PluginManage:359 - Loaded plugin userauth (category:base,tabindex:14)
2025-06-06 06:30:10,740 [INFO] PluginManage:283 - PluginManage : Loaded plugins [18]
2025-06-06 06:30:11,159 [INFO] PinOutPanel:1589 - setPackage(No Configuration,No Configuration)
2025-06-06 06:30:11,312 [INFO] CADModel:165 - CPN selected for project level
2025-06-06 06:30:11,312 [INFO] CADModel:114 - Register for checkConnection events
2025-06-06 06:30:11,339 [INFO] IPUIPlugin:80 - create IPUIPlugin
2025-06-06 06:30:11,339 [INFO] PluginManager:220 - loadIPPluginJar : add adc
2025-06-06 06:30:11,346 [INFO] IPUIPlugin:80 - create IPUIPlugin
2025-06-06 06:30:11,346 [INFO] PluginManager:220 - loadIPPluginJar : add aes
2025-06-06 06:30:11,351 [INFO] IPUIPlugin:80 - create IPUIPlugin
2025-06-06 06:30:11,351 [INFO] PluginManager:220 - loadIPPluginJar : add can
2025-06-06 06:30:11,355 [INFO] IPUIPlugin:80 - create IPUIPlugin
2025-06-06 06:30:11,355 [INFO] PluginManager:220 - loadIPPluginJar : add comp
2025-06-06 06:30:11,360 [INFO] IPUIPlugin:80 - create IPUIPlugin
2025-06-06 06:30:11,360 [INFO] PluginManager:220 - loadIPPluginJar : add cryp
2025-06-06 06:30:11,365 [INFO] IPUIPlugin:80 - create IPUIPlugin
2025-06-06 06:30:11,366 [INFO] PluginManager:220 - loadIPPluginJar : add ddr_ctrl_phy
2025-06-06 06:30:11,370 [INFO] IPUIPlugin:80 - create IPUIPlugin
2025-06-06 06:30:11,370 [INFO] PluginManager:220 - loadIPPluginJar : add dfsdm
2025-06-06 06:30:11,378 [INFO] IPUIPlugin:80 - create IPUIPlugin
2025-06-06 06:30:11,379 [INFO] PluginManager:220 - loadIPPluginJar : add dma
2025-06-06 06:30:11,384 [INFO] IPUIPlugin:80 - create IPUIPlugin
2025-06-06 06:30:11,385 [INFO] PluginManager:220 - loadIPPluginJar : add dma3
2025-06-06 06:30:11,390 [INFO] IPUIPlugin:80 - create IPUIPlugin
2025-06-06 06:30:11,390 [INFO] PluginManager:220 - loadIPPluginJar : add extmemmanager
2025-06-06 06:30:11,393 [INFO] IPUIPlugin:80 - create IPUIPlugin
2025-06-06 06:30:11,393 [INFO] PluginManager:220 - loadIPPluginJar : add fatfs
2025-06-06 06:30:11,401 [INFO] IPUIPlugin:80 - create IPUIPlugin
2025-06-06 06:30:11,402 [INFO] PluginManager:220 - loadIPPluginJar : add fmc
2025-06-06 06:30:11,412 [INFO] IPUIPlugin:80 - create IPUIPlugin
2025-06-06 06:30:11,413 [INFO] PluginManager:220 - loadIPPluginJar : add freertos
2025-06-06 06:30:11,415 [INFO] IPUIPlugin:80 - create IPUIPlugin
2025-06-06 06:30:11,415 [INFO] PluginManager:220 - loadIPPluginJar : add genericplugin
2025-06-06 06:30:11,419 [INFO] IPUIPlugin:80 - create IPUIPlugin
2025-06-06 06:30:11,420 [INFO] PluginManager:220 - loadIPPluginJar : add gfxmmu
2025-06-06 06:30:11,429 [INFO] IPUIPlugin:80 - create IPUIPlugin
2025-06-06 06:30:11,429 [INFO] PluginManager:220 - loadIPPluginJar : add gic
2025-06-06 06:30:11,437 [INFO] IPUIPlugin:80 - create IPUIPlugin
2025-06-06 06:30:11,437 [INFO] PluginManager:220 - loadIPPluginJar : add gpio
2025-06-06 06:30:11,441 [INFO] IPUIPlugin:80 - create IPUIPlugin
2025-06-06 06:30:11,441 [INFO] PluginManager:220 - loadIPPluginJar : add gtzc
2025-06-06 06:30:11,446 [INFO] IPUIPlugin:80 - create IPUIPlugin
2025-06-06 06:30:11,446 [INFO] PluginManager:220 - loadIPPluginJar : add hash
2025-06-06 06:30:11,451 [INFO] IPUIPlugin:80 - create IPUIPlugin
2025-06-06 06:30:11,451 [INFO] PluginManager:220 - loadIPPluginJar : add i2c
2025-06-06 06:30:11,456 [INFO] IPUIPlugin:80 - create IPUIPlugin
2025-06-06 06:30:11,457 [INFO] PluginManager:220 - loadIPPluginJar : add i2s
2025-06-06 06:30:11,463 [INFO] IPUIPlugin:80 - create IPUIPlugin
2025-06-06 06:30:11,463 [INFO] PluginManager:220 - loadIPPluginJar : add i3c
2025-06-06 06:30:11,467 [INFO] IPUIPlugin:80 - create IPUIPlugin
2025-06-06 06:30:11,467 [INFO] PluginManager:220 - loadIPPluginJar : add ipddr
2025-06-06 06:30:11,478 [INFO] IPUIPlugin:80 - create IPUIPlugin
2025-06-06 06:30:11,478 [INFO] PluginManager:220 - loadIPPluginJar : add linkedlist
2025-06-06 06:30:11,483 [INFO] IPUIPlugin:80 - create IPUIPlugin
2025-06-06 06:30:11,483 [INFO] PluginManager:220 - loadIPPluginJar : add lorawan
2025-06-06 06:30:11,486 [INFO] IPUIPlugin:80 - create IPUIPlugin
2025-06-06 06:30:11,486 [INFO] PluginManager:220 - loadIPPluginJar : add ltdc
2025-06-06 06:30:11,493 [INFO] IPUIPlugin:80 - create IPUIPlugin
2025-06-06 06:30:11,493 [INFO] PluginManager:220 - loadIPPluginJar : add mdma
2025-06-06 06:30:11,499 [INFO] IPUIPlugin:80 - create IPUIPlugin
2025-06-06 06:30:11,499 [INFO] PluginManager:220 - loadIPPluginJar : add nvic
2025-06-06 06:30:11,505 [INFO] IPUIPlugin:80 - create IPUIPlugin
2025-06-06 06:30:11,505 [INFO] PluginManager:220 - loadIPPluginJar : add opamp
2025-06-06 06:30:11,511 [INFO] IPUIPlugin:80 - create IPUIPlugin
2025-06-06 06:30:11,511 [INFO] PluginManager:220 - loadIPPluginJar : add openamp
2025-06-06 06:30:11,517 [INFO] IPUIPlugin:80 - create IPUIPlugin
2025-06-06 06:30:11,517 [INFO] PluginManager:220 - loadIPPluginJar : add pdm2pcm
2025-06-06 06:30:11,528 [INFO] IPUIPlugin:80 - create IPUIPlugin
2025-06-06 06:30:11,532 [INFO] PluginManager:220 - loadIPPluginJar : add plateformsettings
2025-06-06 06:30:11,534 [INFO] IPUIPlugin:80 - create IPUIPlugin
2025-06-06 06:30:11,536 [INFO] PluginManager:220 - loadIPPluginJar : add quadspi
2025-06-06 06:30:11,538 [INFO] IPUIPlugin:80 - create IPUIPlugin
2025-06-06 06:30:11,540 [INFO] PluginManager:220 - loadIPPluginJar : add radio
2025-06-06 06:30:11,548 [INFO] IPUIPlugin:80 - create IPUIPlugin
2025-06-06 06:30:11,548 [INFO] PluginManager:220 - loadIPPluginJar : add resmgrutility
2025-06-06 06:30:11,553 [INFO] IPUIPlugin:80 - create IPUIPlugin
2025-06-06 06:30:11,553 [INFO] PluginManager:220 - loadIPPluginJar : add sai
2025-06-06 06:30:11,557 [INFO] IPUIPlugin:80 - create IPUIPlugin
2025-06-06 06:30:11,557 [INFO] PluginManager:220 - loadIPPluginJar : add spi
2025-06-06 06:30:11,568 [INFO] IPUIPlugin:80 - create IPUIPlugin
2025-06-06 06:30:11,568 [INFO] PluginManager:220 - loadIPPluginJar : add stm32_wpan
2025-06-06 06:30:11,572 [INFO] IPUIPlugin:80 - create IPUIPlugin
2025-06-06 06:30:11,572 [INFO] PluginManager:220 - loadIPPluginJar : add tim
2025-06-06 06:30:11,578 [INFO] IPUIPlugin:80 - create IPUIPlugin
2025-06-06 06:30:11,578 [INFO] PluginManager:220 - loadIPPluginJar : add touchsensing
2025-06-06 06:30:11,581 [INFO] IPUIPlugin:80 - create IPUIPlugin
2025-06-06 06:30:11,581 [INFO] PluginManager:220 - loadIPPluginJar : add tracer_emb
2025-06-06 06:30:11,586 [INFO] IPUIPlugin:80 - create IPUIPlugin
2025-06-06 06:30:11,586 [INFO] PluginManager:220 - loadIPPluginJar : add ts
2025-06-06 06:30:11,590 [INFO] IPUIPlugin:80 - create IPUIPlugin
2025-06-06 06:30:11,590 [INFO] PluginManager:220 - loadIPPluginJar : add tsc
2025-06-06 06:30:11,592 [INFO] IPUIPlugin:80 - create IPUIPlugin
2025-06-06 06:30:11,592 [INFO] PluginManager:220 - loadIPPluginJar : add ucpd
2025-06-06 06:30:11,599 [INFO] IPUIPlugin:80 - create IPUIPlugin
2025-06-06 06:30:11,599 [INFO] PluginManager:220 - loadIPPluginJar : add usart
2025-06-06 06:30:11,604 [INFO] IPUIPlugin:80 - create IPUIPlugin
2025-06-06 06:30:11,604 [INFO] PluginManager:220 - loadIPPluginJar : add usbx
2025-06-06 06:30:11,778 [FATAL] Updater:351 - Updater called before beeing initialized
2025-06-06 06:30:11,833 [INFO] RulesReader:64 - Compatibility file has been processed (302 Rules)
2025-06-06 06:30:11,861 [INFO] RulesReader:64 - Compatibility file has been processed (302 Rules)
2025-06-06 06:30:11,873 [INFO] CADModel:165 - CPN selected for project level
2025-06-06 06:30:11,874 [INFO] CADModel:114 - Register for checkConnection events
2025-06-06 06:30:11,874 [FATAL] Updater:351 - Updater called before beeing initialized
2025-06-06 06:30:11,874 [ERROR] CADModel:125 - Updater not yet initialized, retry later 
2025-06-06 06:30:12,072 [FATAL] Updater:351 - Updater called before beeing initialized
2025-06-06 06:30:12,075 [INFO] CADModel:165 - CPN selected for project level
2025-06-06 06:30:12,075 [INFO] CADModel:114 - Register for checkConnection events
2025-06-06 06:30:12,075 [FATAL] Updater:351 - Updater called before beeing initialized
2025-06-06 06:30:12,075 [ERROR] CADModel:125 - Updater not yet initialized, retry later 
2025-06-06 06:30:12,081 [FATAL] Updater:351 - Updater called before beeing initialized
2025-06-06 06:30:12,295 [FATAL] Updater:351 - Updater called before beeing initialized
2025-06-06 06:30:12,301 [INFO] DbMcusAds:53 - JSON generation date=Wed May 07 04:07:55 CDT 2025 (1746608875484)
2025-06-06 06:30:12,303 [FATAL] Updater:351 - Updater called before beeing initialized
2025-06-06 06:30:12,366 [WARN] DetailPanel:346 - Failed to get advertising image, set to default
2025-06-06 06:30:12,761 [FATAL] Updater:351 - Updater called before beeing initialized
2025-06-06 06:30:12,764 [FATAL] Updater:351 - Updater called before beeing initialized
2025-06-06 06:30:12,764 [FATAL] Updater:351 - Updater called before beeing initialized
2025-06-06 06:30:12,765 [WARN] DetailPanel:346 - Failed to get advertising image, set to default
2025-06-06 06:30:12,766 [FATAL] Updater:351 - Updater called before beeing initialized
2025-06-06 06:30:12,830 [ERROR] Updater:1198 - MainUpdater not yet initialized. External WinMGr cannot be set.
2025-06-06 06:30:12,832 [INFO] Updater:1134 - Updater Version found : 6.14.1
2025-06-06 06:30:12,859 [INFO] ApplicationProperties:184 - Using Application install path: C:\ST\STM32CubeIDE_1.18.1\STM32CubeIDE\plugins\com.st.stm32cube.common.mx_6.14.1.202504091515
2025-06-06 06:30:13,364 [INFO] ThirdPartyUpdaterWithRetryManager:70 - Updater plugin not ready yet. [2/15]
2025-06-06 06:30:14,439 [ERROR] LogOutputStream:75 - [STDERR_REDIRECT] Jun 06, 2025 6:30:14 AM java.util.prefs.WindowsPreferences <init>
2025-06-06 06:30:14,442 [ERROR] LogOutputStream:75 - [STDERR_REDIRECT] WARNING: Could not open/create prefs root node Software\JavaSoft\Prefs at root 0xffffffff80000002. Windows RegCreateKeyEx(...) returned error code 5.
2025-06-06 06:30:14,442 [ERROR] LogOutputStream:75 - [STDERR_REDIRECT] 
2025-06-06 06:30:15,647 [INFO] MainUpdater:2872 - connection check result : 10
2025-06-06 06:30:15,648 [INFO] MainUpdater:289 - Updater Check For Update Now.
2025-06-06 06:30:15,649 [INFO] MicroXplorer:498 - Change Database Version : DB.6.0.141
2025-06-06 06:30:15,656 [INFO] McuFinderGlobals:63 - Set McuFinder mode to 2 (CubeIDE integrated)
2025-06-06 06:30:15,657 [INFO] UserAuth:484 - Internet connection configuration mode: 1
2025-06-06 06:30:15,685 [INFO] JxBrowserEngine:152 - Initiate JxBrowser Engine with user profile folder
2025-06-06 06:30:15,900 [INFO] CheckServerUpdateThread:120 - End of CheckServer Thread
2025-06-06 06:30:16,936 [WARN] PackLoader:240 - Cannot read IP mode file for STMicroelectronics.FP-SNS-MOTENVWB1.1.4.0
2025-06-06 06:30:16,950 [WARN] PackLoader:240 - Cannot read IP mode file for STMicroelectronics.FP-ATR-ASTRA1.2.0.2
2025-06-06 06:30:16,963 [WARN] PackLoader:240 - Cannot read IP mode file for STMicroelectronics.X-CUBE-SMBUS.2.1.0
2025-06-06 06:30:16,972 [WARN] PackLoader:240 - Cannot read IP mode file for STMicroelectronics.X-CUBE-ST60.1.0.0
2025-06-06 06:30:17,034 [WARN] PackLoader:240 - Cannot read IP mode file for STMicroelectronics.X-CUBE-AZRTOS-F7.1.1.0
2025-06-06 06:30:17,102 [WARN] PackLoader:240 - Cannot read IP mode file for Infineon.AIROC-Wi-Fi-Bluetooth-STM32.1.7.0
2025-06-06 06:30:17,142 [WARN] PackLoader:240 - Cannot read IP mode file for STMicroelectronics.X-CUBE-DISPLAY.3.0.0
2025-06-06 06:30:17,169 [WARN] PackLoader:240 - Cannot read IP mode file for STMicroelectronics.X-CUBE-NFC10.1.0.0
2025-06-06 06:30:17,205 [WARN] PackLoader:240 - Cannot read IP mode file for STMicroelectronics.X-CUBE-BLEMGR.4.0.0
2025-06-06 06:30:17,245 [WARN] PackLoader:240 - Cannot read IP mode file for emotas.I-CUBE-CANOPEN.1.3.0
2025-06-06 06:30:17,256 [WARN] ConditionMgr:438 - getConditionDescription Invalid condition id : Cortex-A Device cause : null
2025-06-06 06:30:17,279 [WARN] ConditionMgr:1044 - genDependencies : Invalid condition id : Cortex-A Device cause : null
2025-06-06 06:30:17,280 [WARN] ConditionMgr:1044 - genDependencies : Invalid condition id : Cortex-A Device cause : null
2025-06-06 06:30:17,280 [WARN] ConditionMgr:1044 - genDependencies : Invalid condition id : Cortex-A Device cause : null
2025-06-06 06:30:17,335 [WARN] PackLoader:240 - Cannot read IP mode file for STMicroelectronics.X-CUBE-AI.10.0.0
2025-06-06 06:30:17,346 [WARN] PackLoader:240 - Cannot read IP mode file for STMicroelectronics.FP-SNS-SMARTAG2.1.2.0
2025-06-06 06:30:17,384 [WARN] PackLoader:240 - Cannot read IP mode file for STMicroelectronics.FP-SNS-FLIGHT1.5.1.0
2025-06-06 06:30:17,467 [INFO] LogOutputStream:77 - [STDOUT_REDIRECT] 1 : Invalid condition id : UX_CORESTACK_Condition cause : null
2025-06-06 06:30:17,468 [INFO] LogOutputStream:77 - [STDOUT_REDIRECT] 1 : Invalid condition id : UX_CORESTACK_Condition cause : null
2025-06-06 06:30:17,470 [INFO] LogOutputStream:77 - [STDOUT_REDIRECT] 1 : Invalid condition id : UX_CORESTACK_Condition cause : null
2025-06-06 06:30:17,473 [INFO] LogOutputStream:77 - [STDOUT_REDIRECT] 1 : Invalid condition id : UX_CORESTACK_Condition cause : null
2025-06-06 06:30:17,475 [INFO] LogOutputStream:77 - [STDOUT_REDIRECT] 1 : Invalid condition id : UX_CORESTACK_Condition cause : null
2025-06-06 06:30:17,531 [WARN] PackLoader:240 - Cannot read IP mode file for STMicroelectronics.X-CUBE-AZRTOS-WL.2.0.0
2025-06-06 06:30:17,547 [WARN] PackLoader:240 - Cannot read IP mode file for STMicroelectronics.FP-SNS-MOTENV1.5.0.0
2025-06-06 06:30:17,585 [WARN] PackLoader:240 - Cannot read IP mode file for WES.I-CUBE-Cesium.1.3.0
2025-06-06 06:30:17,601 [WARN] PackLoader:240 - Cannot read IP mode file for STMicroelectronics.X-CUBE-BLE2.3.3.0
2025-06-06 06:30:17,615 [WARN] PackLoader:240 - Cannot read IP mode file for STMicroelectronics.X-CUBE-NFC9.1.0.0
2025-06-06 06:30:17,627 [WARN] PackLoader:240 - Cannot read IP mode file for wolfSSL.I-CUBE-wolfSSL.5.8.0
2025-06-06 06:30:17,641 [WARN] PackLoader:240 - Cannot read IP mode file for STMicroelectronics.X-CUBE-BLE1.7.1.0
2025-06-06 06:30:17,651 [WARN] PackLoader:240 - Cannot read IP mode file for wolfSSL.I-CUBE-wolfMQTT.1.19.2
2025-06-06 06:30:17,693 [WARN] PackLoader:240 - Cannot read IP mode file for STMicroelectronics.X-CUBE-AI.10.1.0
2025-06-06 06:30:17,901 [WARN] PackLoader:240 - Cannot read IP mode file for STMicroelectronics.X-CUBE-MEMS1.11.2.0
2025-06-06 06:30:18,030 [INFO] WebApp:169 - Instantiating new browser for Auth
2025-06-06 06:30:18,625 [WARN] PackLoader:240 - Cannot read IP mode file for STMicroelectronics.X-CUBE-AZRTOS-G0.1.1.0
2025-06-06 06:30:18,642 [WARN] PackLoader:240 - Cannot read IP mode file for STMicroelectronics.X-CUBE-SAFEA1.1.2.2
2025-06-06 06:30:18,655 [WARN] PackLoader:240 - Cannot read IP mode file for STMicroelectronics.X-CUBE-NFC4.3.0.0
2025-06-06 06:30:18,675 [WARN] PackLoader:240 - Cannot read IP mode file for EmbeddedOffice.I-CUBE-FS-RTOS.1.0.1
2025-06-06 06:30:18,688 [WARN] PackLoader:240 - Cannot read IP mode file for STMicroelectronics.X-CUBE-WB05N.2.0.0
2025-06-06 06:30:18,699 [WARN] PackLoader:240 - Cannot read IP mode file for wolfSSL.I-CUBE-wolfTPM.3.8.0
2025-06-06 06:30:18,720 [WARN] PackLoader:240 - Cannot read IP mode file for STMicroelectronics.X-CUBE-TCPP.4.2.0
2025-06-06 06:30:18,734 [WARN] PackLoader:240 - Cannot read IP mode file for RealThread.X-CUBE-RT-Thread_Nano.4.1.1
2025-06-06 06:30:18,742 [WARN] PackLoader:240 - Cannot read IP mode file for STMicroelectronics.FP-ATR-SIGFOX1.3.2.0
2025-06-06 06:30:18,758 [WARN] PackLoader:240 - Cannot read IP mode file for STMicroelectronics.X-CUBE-EEPRMA1.5.1.0
2025-06-06 06:30:18,791 [WARN] PackLoader:240 - Cannot read IP mode file for ITTIA_DB.I-CUBE-ITTIADB.8.9.0
2025-06-06 06:30:18,804 [WARN] PackLoader:240 - Cannot read IP mode file for STMicroelectronics.X-CUBE-ST67W61.1.0.0
2025-06-06 06:30:18,886 [WARN] PackLoader:240 - Cannot read IP mode file for SEGGER.I-CUBE-embOS.1.3.1
2025-06-06 06:30:19,039 [WARN] PackLoader:240 - Cannot read IP mode file for STMicroelectronics.X-CUBE-ALGOBUILD.1.4.0
2025-06-06 06:30:19,097 [WARN] PackLoader:240 - Cannot read IP mode file for STMicroelectronics.X-CUBE-AZRTOS-F4.1.1.0
2025-06-06 06:30:19,150 [WARN] PackLoader:240 - Cannot read IP mode file for Avnet-IotConnect.X-CUBE-IoTC-DA16k-PMOD.1.0.0
2025-06-06 06:30:19,273 [WARN] PackLoader:240 - Cannot read IP mode file for STMicroelectronics.X-CUBE-ISPU.2.1.0
2025-06-06 06:30:19,326 [WARN] PackLoader:240 - Cannot read IP mode file for STMicroelectronics.X-CUBE-AZRTOS-L5.2.0.0
2025-06-06 06:30:19,404 [WARN] PackLoader:240 - Cannot read IP mode file for STMicroelectronics.X-CUBE-NFC6.3.1.0
2025-06-06 06:30:19,430 [WARN] PackLoader:240 - Cannot read IP mode file for STMicroelectronics.X-CUBE-FREERTOS.1.3.1
2025-06-06 06:30:19,466 [WARN] PackLoader:240 - Cannot read IP mode file for STMicroelectronics.X-CUBE-FREERTOS.1.3.0
2025-06-06 06:30:19,484 [WARN] PackLoader:240 - Cannot read IP mode file for STMicroelectronics.X-CUBE-DPower.1.3.0
2025-06-06 06:30:19,688 [WARN] ConditionMgr:438 - getConditionDescription Invalid condition id : LAN8742 Phy interface Condition cause : null
2025-06-06 06:30:19,691 [WARN] PackLoader:240 - Cannot read IP mode file for STMicroelectronics.X-CUBE-AZRTOS-L4.2.0.0
2025-06-06 06:30:19,693 [WARN] ConditionMgr:1044 - genDependencies : Invalid condition id : LAN8742 Phy interface Condition cause : null
2025-06-06 06:30:19,694 [WARN] ConditionMgr:1044 - genDependencies : Invalid condition id : LAN8742 Phy interface Condition cause : null
2025-06-06 06:30:19,695 [WARN] ConditionMgr:1044 - genDependencies : Invalid condition id : LAN8742 Phy interface Condition cause : null
2025-06-06 06:30:19,714 [WARN] PackLoader:240 - Cannot read IP mode file for STMicroelectronics.X-CUBE-SFXS2LP1.4.0.0
2025-06-06 06:30:19,769 [WARN] PackLoader:240 - Cannot read IP mode file for STMicroelectronics.X-CUBE-AZRTOS-H7.3.3.0
2025-06-06 06:30:19,799 [WARN] ConditionMgr:438 - getConditionDescription Invalid condition id : UX DEVICE CLASS RTOS Condition cause : null
2025-06-06 06:30:19,799 [WARN] ConditionMgr:438 - getConditionDescription Invalid condition id : UX DEVICE CLASS RTOS Condition cause : null
2025-06-06 06:30:19,802 [WARN] PackLoader:240 - Cannot read IP mode file for STMicroelectronics.X-CUBE-AZRTOS-WB.2.0.0
2025-06-06 06:30:19,803 [WARN] ConditionMgr:1044 - genDependencies : Invalid condition id : UX DEVICE CLASS RTOS Condition cause : null
2025-06-06 06:30:19,803 [WARN] ConditionMgr:1044 - genDependencies : Invalid condition id : UX DEVICE CLASS RTOS Condition cause : null
2025-06-06 06:30:19,804 [WARN] ConditionMgr:1044 - genDependencies : Invalid condition id : UX DEVICE CLASS RTOS Condition cause : null
2025-06-06 06:30:19,804 [WARN] ConditionMgr:1044 - genDependencies : Invalid condition id : UX DEVICE CLASS RTOS Condition cause : null
2025-06-06 06:30:19,804 [WARN] ConditionMgr:1044 - genDependencies : Invalid condition id : UX DEVICE CLASS RTOS Condition cause : null
2025-06-06 06:30:19,818 [WARN] PackLoader:240 - Cannot read IP mode file for STMicroelectronics.X-CUBE-GNSS1.7.0.1
2025-06-06 06:30:19,830 [WARN] PackLoader:240 - Cannot read IP mode file for STMicroelectronics.X-CUBE-TOUCHGFX.4.25.0
2025-06-06 06:30:19,848 [WARN] PackLoader:240 - Cannot read IP mode file for STMicroelectronics.FP-SNS-STBOX1.2.0.0
2025-06-06 06:30:19,883 [WARN] PackLoader:240 - Cannot read IP mode file for STMicroelectronics.X-CUBE-SUBG2.5.0.0
2025-06-06 06:30:19,934 [WARN] PackLoader:240 - Cannot read IP mode file for STMicroelectronics.X-CUBE-AZRTOS-H7RS.1.1.0
2025-06-06 06:30:19,948 [WARN] PackLoader:240 - Cannot read IP mode file for Cesanta.I-CUBE-Mongoose.7.13.0
2025-06-06 06:30:19,978 [WARN] PackLoader:240 - Cannot read IP mode file for STMicroelectronics.X-CUBE-AZRTOS-G4.2.0.0
2025-06-06 06:30:19,995 [WARN] PackLoader:240 - Cannot read IP mode file for wolfSSL.I-CUBE-wolfSSH.1.4.20
2025-06-06 06:30:20,066 [WARN] PackLoader:240 - Cannot read IP mode file for STMicroelectronics.X-CUBE-NFC7.2.0.0
2025-06-06 06:30:20,172 [WARN] PackLoader:240 - Cannot read IP mode file for STMicroelectronics.X-CUBE-IPS.3.1.0
2025-06-06 06:30:20,414 [WARN] PackLoader:240 - Cannot read IP mode file for STMicroelectronics.X-CUBE-ALS.1.0.2
2025-06-06 06:30:20,433 [WARN] PackLoader:240 - Cannot read IP mode file for portGmbH.I-Cube-SoM-uGOAL.1.1.0
2025-06-06 06:30:20,498 [WARN] PackLoader:240 - Cannot read IP mode file for STMicroelectronics.X-CUBE-TOF1.3.4.3
2025-06-06 06:30:20,569 [INFO] ThirdParty:978 - Integrity check success = true
2025-06-06 06:30:20,569 [INFO] IntegrityCheckThread:100 - exiting critical section [integrity check]
2025-06-06 06:30:20,570 [INFO] IntegrityCheckThread:103 - End integrity checks thread
2025-06-06 06:30:20,650 [INFO] WebApp:463 - Apply proxy settings
2025-06-06 06:30:20,652 [INFO] WebApp:548 - Chromium requires no authentication
2025-06-06 06:30:20,670 [INFO] WebApp:491 - Direct internet connection detected
2025-06-06 06:30:20,711 [INFO] WebApp:894 - Register for checkConnection events
2025-06-06 06:30:20,711 [INFO] WebApp:463 - Apply proxy settings
2025-06-06 06:30:20,711 [INFO] WebApp:548 - Chromium requires no authentication
2025-06-06 06:30:20,712 [INFO] WebApp:491 - Direct internet connection detected
2025-06-06 06:30:20,969 [INFO] WebApp:191 - Connection restablished
2025-06-06 06:30:21,104 [INFO] WebApp:225 - Starting web application
2025-06-06 06:30:21,105 [INFO] WebApp:593 - Web application path used C:\ST\STM32CubeIDE_1.18.1\STM32CubeIDE\plugins\com.st.stm32cube.common.mx_6.14.1.202504091515\db\plugins\mcufinder\reactClient1\index.html
2025-06-06 06:30:21,337 [INFO] UserAuth:484 - Internet connection configuration mode: 1
2025-06-06 06:30:47,652 [ERROR] LogOutputStream:75 - [STDERR_REDIRECT] SLF4J: Failed to load class "org.slf4j.impl.StaticLoggerBinder".
2025-06-06 06:30:47,653 [ERROR] LogOutputStream:75 - [STDERR_REDIRECT] SLF4J: Defaulting to no-operation (NOP) logger implementation
2025-06-06 06:30:47,655 [ERROR] LogOutputStream:75 - [STDERR_REDIRECT] SLF4J: See http://www.slf4j.org/codes.html#StaticLoggerBinder for further details.
2025-06-06 06:37:06,720 [INFO] Activator:176 - 


2025-06-06 06:37:06,721 [INFO] Activator:177 - !SESSION log4j initialized
2025-06-06 06:37:12,972 [INFO] LogOutputStream:77 - [STDOUT_REDIRECT] 
2025-06-06 06:37:13,927 [INFO] ApplicationProperties:184 - Using Application install path: C:\ST\STM32CubeIDE_1.18.1\STM32CubeIDE\plugins\com.st.stm32cube.common.mx_6.14.1.202504091515
2025-06-06 06:37:13,942 [INFO] DbMcusXml:78 - Set database path to: C:\ST\STM32CubeIDE_1.18.1\STM32CubeIDE\plugins\com.st.stm32cube.common.mx_6.14.1.202504091515\\db\/mcu/
2025-06-06 06:37:13,942 [INFO] ApiDb:274 - Set plugin database path to: C:\ST\STM32CubeIDE_1.18.1\STM32CubeIDE\plugins\com.st.stm32cube.common.mx_6.14.1.202504091515\\db\/plugins/boardmanager/
2025-06-06 06:37:13,942 [WARN] ApiDb:259 - Overriding images path with different value:  => C:\ST\STM32CubeIDE_1.18.1\STM32CubeIDE\plugins\com.st.stm32cube.common.mx_6.14.1.202504091515\\db\/plugins/mcufinder/images/
2025-06-06 06:37:13,949 [INFO] ApiDb:250 - Set database path to: C:\Users\klee\.stmcufinder\plugins\mcufinder//mcu/
2025-06-06 06:37:13,950 [INFO] DbMcusAds:125 - Set database path to: C:\Users\klee\.stmcufinder\plugins\mcufinder//mcu/
2025-06-06 06:37:13,952 [INFO] CrossReferenceDbSqlite:203 - Set database path to: C:\Users\klee\.stmcufinder\plugins\mcufinder//mcu/cs/
2025-06-06 06:37:14,085 [INFO] RulesReader:64 - Compatibility file has been processed (302 Rules)
2025-06-06 06:37:14,197 [INFO] DbMcusXml:78 - Set database path to: C:\ST\STM32CubeIDE_1.18.1\STM32CubeIDE\plugins\com.st.stm32cube.common.mx_6.14.1.202504091515\\db\/mcu/
2025-06-06 06:37:14,197 [INFO] ApiDb:274 - Set plugin database path to: C:\ST\STM32CubeIDE_1.18.1\STM32CubeIDE\plugins\com.st.stm32cube.common.mx_6.14.1.202504091515\\db\/plugins/boardmanager/
2025-06-06 06:37:14,198 [INFO] ApiDb:261 - Set plugin images path to: C:\ST\STM32CubeIDE_1.18.1\STM32CubeIDE\plugins\com.st.stm32cube.common.mx_6.14.1.202504091515\\db\/plugins/mcufinder/images/
2025-06-06 06:37:14,198 [WARN] DbFile:41 - Overriding database path with different value: C:\Users\klee\.stmcufinder\plugins\mcufinder/ => C:\Users\klee\.stmcufinder\plugins\mcufinder
2025-06-06 06:37:14,198 [INFO] ApiDb:250 - Set database path to: C:\Users\klee\.stmcufinder\plugins\mcufinder//mcu/
2025-06-06 06:37:14,198 [WARN] DbFile:41 - Overriding database path with different value: C:\Users\klee\.stmcufinder\plugins\mcufinder/ => C:\Users\klee\.stmcufinder\plugins\mcufinder
2025-06-06 06:37:14,198 [INFO] DbMcusAds:125 - Set database path to: C:\Users\klee\.stmcufinder\plugins\mcufinder//mcu/
2025-06-06 06:37:14,198 [WARN] DbFile:41 - Overriding database path with different value: C:\Users\klee\.stmcufinder\plugins\mcufinder/ => C:\Users\klee\.stmcufinder\plugins\mcufinder
2025-06-06 06:37:14,198 [WARN] DbFile:41 - Overriding database path with different value: C:\Users\klee\.stmcufinder\plugins\mcufinder/ => C:\Users\klee\.stmcufinder\plugins\mcufinder
2025-06-06 06:37:14,198 [INFO] CrossReferenceDbSqlite:203 - Set database path to: C:\Users\klee\.stmcufinder\plugins\mcufinder//mcu/cs/
2025-06-06 06:37:14,288 [INFO] MainPanel:272 - HeapMemory: 268435456
2025-06-06 06:37:14,361 [INFO] DbMcusXml:78 - Set database path to: C:\ST\STM32CubeIDE_1.18.1\STM32CubeIDE\plugins\com.st.stm32cube.common.mx_6.14.1.202504091515\\db\/mcu/
2025-06-06 06:37:14,361 [INFO] ApiDb:274 - Set plugin database path to: C:\ST\STM32CubeIDE_1.18.1\STM32CubeIDE\plugins\com.st.stm32cube.common.mx_6.14.1.202504091515\\db\/plugins/boardmanager/
2025-06-06 06:37:14,361 [INFO] ApiDb:261 - Set plugin images path to: C:\ST\STM32CubeIDE_1.18.1\STM32CubeIDE\plugins\com.st.stm32cube.common.mx_6.14.1.202504091515\\db\/plugins/mcufinder/images/
2025-06-06 06:37:14,361 [WARN] DbFile:41 - Overriding database path with different value: C:\Users\klee\.stmcufinder\plugins\mcufinder/ => C:\Users\klee\.stmcufinder\plugins\mcufinder
2025-06-06 06:37:14,361 [INFO] ApiDb:250 - Set database path to: C:\Users\klee\.stmcufinder\plugins\mcufinder//mcu/
2025-06-06 06:37:14,361 [WARN] DbFile:41 - Overriding database path with different value: C:\Users\klee\.stmcufinder\plugins\mcufinder/ => C:\Users\klee\.stmcufinder\plugins\mcufinder
2025-06-06 06:37:14,361 [INFO] DbMcusAds:125 - Set database path to: C:\Users\klee\.stmcufinder\plugins\mcufinder//mcu/
2025-06-06 06:37:14,362 [WARN] DbFile:41 - Overriding database path with different value: C:\Users\klee\.stmcufinder\plugins\mcufinder/ => C:\Users\klee\.stmcufinder\plugins\mcufinder
2025-06-06 06:37:14,362 [WARN] DbFile:41 - Overriding database path with different value: C:\Users\klee\.stmcufinder\plugins\mcufinder/ => C:\Users\klee\.stmcufinder\plugins\mcufinder
2025-06-06 06:37:14,362 [INFO] CrossReferenceDbSqlite:203 - Set database path to: C:\Users\klee\.stmcufinder\plugins\mcufinder//mcu/cs/
2025-06-06 06:37:14,381 [INFO] ApplicationProperties:184 - Using Application install path: C:\ST\STM32CubeIDE_1.18.1\STM32CubeIDE\plugins\com.st.stm32cube.common.mx_6.14.1.202504091515
2025-06-06 06:37:14,382 [INFO] PluginManage:196 - Search for loadable plugins [exclusion list=, ]
2025-06-06 06:37:14,384 [INFO] PluginManage:310 - Check plugin analytics
2025-06-06 06:37:14,594 [INFO] AnalyticsPlugin:253 - Accepted Software Licenses: 
2025-06-06 06:37:14,595 [INFO] AnalyticsPlugin:255 - Accepted CMSIS Pack Licenses: 
2025-06-06 06:37:14,595 [INFO] AnalyticsPlugin:257 - Accepted Firmware Licenses: FW.F4.1.28.0
2025-06-06 06:37:14,597 [INFO] PluginManage:359 - Loaded plugin analytics (category:tool,tabindex:-1)
2025-06-06 06:37:14,598 [INFO] PluginManage:310 - Check plugin cadmodel
2025-06-06 06:37:14,603 [INFO] CADModel:105 - Init CAD model plugin
2025-06-06 06:37:14,603 [INFO] PluginManage:359 - Loaded plugin cadmodel (category:power,tabindex:5)
2025-06-06 06:37:14,603 [INFO] PluginManage:310 - Check plugin clock
2025-06-06 06:37:14,611 [INFO] PluginManage:359 - Loaded plugin clock (category:base,tabindex:2)
2025-06-06 06:37:14,611 [INFO] PluginManage:310 - Check plugin ddr
2025-06-06 06:37:14,614 [INFO] PluginManage:359 - Loaded plugin ddr (category:tool,tabindex:6)
2025-06-06 06:37:14,614 [INFO] PluginManage:310 - Check plugin filemanager
2025-06-06 06:37:14,759 [INFO] PluginManage:359 - Loaded plugin filemanager (category:base,tabindex:10)
2025-06-06 06:37:14,760 [INFO] PluginManage:310 - Check plugin ipmanager
2025-06-06 06:37:14,768 [INFO] PluginManage:359 - Loaded plugin ipmanager (category:base,tabindex:5)
2025-06-06 06:37:14,768 [INFO] PluginManage:310 - Check plugin lpbam
2025-06-06 06:37:14,776 [INFO] PluginManage:359 - Loaded plugin lpbam (category:base,tabindex:0)
2025-06-06 06:37:14,776 [INFO] PluginManage:310 - Check plugin memorymap
2025-06-06 06:37:14,786 [INFO] PluginManage:359 - Loaded plugin memorymap (category:base,tabindex:4)
2025-06-06 06:37:14,786 [INFO] PluginManage:310 - Check plugin pinoutandconfiguration
2025-06-06 06:37:14,792 [INFO] PluginManage:359 - Loaded plugin pinoutandconfiguration (category:base,tabindex:1)
2025-06-06 06:37:14,792 [INFO] PluginManage:310 - Check plugin pinoutconfig
2025-06-06 06:37:14,915 [WARN] SupportedApi:132 - Cannot load RTOS API schema: s4s-elt-must-match.1: The content of 'definitions' must match (annotation?, (simpleType | complexType)?, (unique | key | keyref)*)). A problem was found starting at: attribute.
2025-06-06 06:37:15,058 [INFO] PluginManage:359 - Loaded plugin pinoutconfig (category:base,tabindex:0)
2025-06-06 06:37:15,058 [INFO] PluginManage:310 - Check plugin power
2025-06-06 06:37:15,067 [INFO] PluginManage:359 - Loaded plugin power (category:power,tabindex:4)
2025-06-06 06:37:15,068 [INFO] PluginManage:310 - Check plugin projectmanager
2025-06-06 06:37:15,090 [INFO] PluginManage:359 - Loaded plugin projectmanager (category:projectmanager,tabindex:4)
2025-06-06 06:37:15,090 [INFO] PluginManage:310 - Check plugin rif
2025-06-06 06:37:15,098 [INFO] PluginManage:359 - Loaded plugin rif (category:base,tabindex:3)
2025-06-06 06:37:15,098 [INFO] PluginManage:310 - Check plugin thirdparty
2025-06-06 06:37:15,250 [INFO] PluginManage:359 - Loaded plugin thirdparty (category:base,tabindex:-1)
2025-06-06 06:37:15,249 [WARN] IntegrityCheckThread:84 - waiting for thirdparty lock release [integrity check]
2025-06-06 06:37:15,250 [INFO] PluginManage:310 - Check plugin tools
2025-06-06 06:37:15,250 [INFO] IntegrityCheckThread:86 - entering critical section [integrity check]
2025-06-06 06:37:15,250 [INFO] ThirdPartyUpdaterWithRetryManager:70 - Updater plugin not ready yet. [1/15]
2025-06-06 06:37:15,254 [INFO] PluginManage:359 - Loaded plugin tools (category:base,tabindex:7)
2025-06-06 06:37:15,254 [INFO] PluginManage:310 - Check plugin tutovideos
2025-06-06 06:37:15,414 [INFO] PluginManage:359 - Loaded plugin tutovideos (category:base,tabindex:-1)
2025-06-06 06:37:15,414 [INFO] PluginManage:310 - Check plugin updater
2025-06-06 06:37:15,439 [INFO] PluginManage:359 - Loaded plugin updater (category:base,tabindex:12)
2025-06-06 06:37:15,440 [INFO] PluginManage:310 - Check plugin userauth
2025-06-06 06:37:15,444 [INFO] UserAuth:118 - Init User Auth plugin
2025-06-06 06:37:15,445 [INFO] PluginManage:359 - Loaded plugin userauth (category:base,tabindex:14)
2025-06-06 06:37:15,446 [INFO] PluginManage:283 - PluginManage : Loaded plugins [18]
2025-06-06 06:37:15,697 [INFO] PinOutPanel:1589 - setPackage(No Configuration,No Configuration)
2025-06-06 06:37:15,797 [INFO] CADModel:165 - CPN selected for project level
2025-06-06 06:37:15,797 [INFO] CADModel:114 - Register for checkConnection events
2025-06-06 06:37:15,812 [INFO] IPUIPlugin:80 - create IPUIPlugin
2025-06-06 06:37:15,812 [INFO] PluginManager:220 - loadIPPluginJar : add adc
2025-06-06 06:37:15,814 [INFO] IPUIPlugin:80 - create IPUIPlugin
2025-06-06 06:37:15,815 [INFO] PluginManager:220 - loadIPPluginJar : add aes
2025-06-06 06:37:15,817 [INFO] IPUIPlugin:80 - create IPUIPlugin
2025-06-06 06:37:15,817 [INFO] PluginManager:220 - loadIPPluginJar : add can
2025-06-06 06:37:15,819 [INFO] IPUIPlugin:80 - create IPUIPlugin
2025-06-06 06:37:15,819 [INFO] PluginManager:220 - loadIPPluginJar : add comp
2025-06-06 06:37:15,821 [INFO] IPUIPlugin:80 - create IPUIPlugin
2025-06-06 06:37:15,821 [INFO] PluginManager:220 - loadIPPluginJar : add cryp
2025-06-06 06:37:15,823 [INFO] IPUIPlugin:80 - create IPUIPlugin
2025-06-06 06:37:15,823 [INFO] PluginManager:220 - loadIPPluginJar : add ddr_ctrl_phy
2025-06-06 06:37:15,826 [INFO] IPUIPlugin:80 - create IPUIPlugin
2025-06-06 06:37:15,827 [INFO] PluginManager:220 - loadIPPluginJar : add dfsdm
2025-06-06 06:37:15,831 [INFO] IPUIPlugin:80 - create IPUIPlugin
2025-06-06 06:37:15,831 [INFO] PluginManager:220 - loadIPPluginJar : add dma
2025-06-06 06:37:15,833 [INFO] IPUIPlugin:80 - create IPUIPlugin
2025-06-06 06:37:15,833 [INFO] PluginManager:220 - loadIPPluginJar : add dma3
2025-06-06 06:37:15,836 [INFO] IPUIPlugin:80 - create IPUIPlugin
2025-06-06 06:37:15,836 [INFO] PluginManager:220 - loadIPPluginJar : add extmemmanager
2025-06-06 06:37:15,838 [INFO] IPUIPlugin:80 - create IPUIPlugin
2025-06-06 06:37:15,838 [INFO] PluginManager:220 - loadIPPluginJar : add fatfs
2025-06-06 06:37:15,842 [INFO] IPUIPlugin:80 - create IPUIPlugin
2025-06-06 06:37:15,842 [INFO] PluginManager:220 - loadIPPluginJar : add fmc
2025-06-06 06:37:15,846 [INFO] IPUIPlugin:80 - create IPUIPlugin
2025-06-06 06:37:15,847 [INFO] PluginManager:220 - loadIPPluginJar : add freertos
2025-06-06 06:37:15,849 [INFO] IPUIPlugin:80 - create IPUIPlugin
2025-06-06 06:37:15,849 [INFO] PluginManager:220 - loadIPPluginJar : add genericplugin
2025-06-06 06:37:15,850 [INFO] IPUIPlugin:80 - create IPUIPlugin
2025-06-06 06:37:15,851 [INFO] PluginManager:220 - loadIPPluginJar : add gfxmmu
2025-06-06 06:37:15,856 [INFO] IPUIPlugin:80 - create IPUIPlugin
2025-06-06 06:37:15,856 [INFO] PluginManager:220 - loadIPPluginJar : add gic
2025-06-06 06:37:15,861 [INFO] IPUIPlugin:80 - create IPUIPlugin
2025-06-06 06:37:15,861 [INFO] PluginManager:220 - loadIPPluginJar : add gpio
2025-06-06 06:37:15,864 [INFO] IPUIPlugin:80 - create IPUIPlugin
2025-06-06 06:37:15,864 [INFO] PluginManager:220 - loadIPPluginJar : add gtzc
2025-06-06 06:37:15,867 [INFO] IPUIPlugin:80 - create IPUIPlugin
2025-06-06 06:37:15,867 [INFO] PluginManager:220 - loadIPPluginJar : add hash
2025-06-06 06:37:15,872 [INFO] IPUIPlugin:80 - create IPUIPlugin
2025-06-06 06:37:15,872 [INFO] PluginManager:220 - loadIPPluginJar : add i2c
2025-06-06 06:37:15,875 [INFO] IPUIPlugin:80 - create IPUIPlugin
2025-06-06 06:37:15,875 [INFO] PluginManager:220 - loadIPPluginJar : add i2s
2025-06-06 06:37:15,880 [INFO] IPUIPlugin:80 - create IPUIPlugin
2025-06-06 06:37:15,880 [INFO] PluginManager:220 - loadIPPluginJar : add i3c
2025-06-06 06:37:15,883 [INFO] IPUIPlugin:80 - create IPUIPlugin
2025-06-06 06:37:15,883 [INFO] PluginManager:220 - loadIPPluginJar : add ipddr
2025-06-06 06:37:15,889 [INFO] IPUIPlugin:80 - create IPUIPlugin
2025-06-06 06:37:15,889 [INFO] PluginManager:220 - loadIPPluginJar : add linkedlist
2025-06-06 06:37:15,893 [INFO] IPUIPlugin:80 - create IPUIPlugin
2025-06-06 06:37:15,893 [INFO] PluginManager:220 - loadIPPluginJar : add lorawan
2025-06-06 06:37:15,894 [INFO] IPUIPlugin:80 - create IPUIPlugin
2025-06-06 06:37:15,895 [INFO] PluginManager:220 - loadIPPluginJar : add ltdc
2025-06-06 06:37:15,900 [INFO] IPUIPlugin:80 - create IPUIPlugin
2025-06-06 06:37:15,900 [INFO] PluginManager:220 - loadIPPluginJar : add mdma
2025-06-06 06:37:15,904 [INFO] IPUIPlugin:80 - create IPUIPlugin
2025-06-06 06:37:15,905 [INFO] PluginManager:220 - loadIPPluginJar : add nvic
2025-06-06 06:37:15,910 [INFO] IPUIPlugin:80 - create IPUIPlugin
2025-06-06 06:37:15,910 [INFO] PluginManager:220 - loadIPPluginJar : add opamp
2025-06-06 06:37:15,914 [INFO] IPUIPlugin:80 - create IPUIPlugin
2025-06-06 06:37:15,914 [INFO] PluginManager:220 - loadIPPluginJar : add openamp
2025-06-06 06:37:15,918 [INFO] IPUIPlugin:80 - create IPUIPlugin
2025-06-06 06:37:15,919 [INFO] PluginManager:220 - loadIPPluginJar : add pdm2pcm
2025-06-06 06:37:15,926 [INFO] IPUIPlugin:80 - create IPUIPlugin
2025-06-06 06:37:15,928 [INFO] PluginManager:220 - loadIPPluginJar : add plateformsettings
2025-06-06 06:37:15,930 [INFO] IPUIPlugin:80 - create IPUIPlugin
2025-06-06 06:37:15,930 [INFO] PluginManager:220 - loadIPPluginJar : add quadspi
2025-06-06 06:37:15,934 [INFO] IPUIPlugin:80 - create IPUIPlugin
2025-06-06 06:37:15,935 [INFO] PluginManager:220 - loadIPPluginJar : add radio
2025-06-06 06:37:15,938 [INFO] IPUIPlugin:80 - create IPUIPlugin
2025-06-06 06:37:15,939 [INFO] PluginManager:220 - loadIPPluginJar : add resmgrutility
2025-06-06 06:37:15,942 [INFO] IPUIPlugin:80 - create IPUIPlugin
2025-06-06 06:37:15,942 [INFO] PluginManager:220 - loadIPPluginJar : add sai
2025-06-06 06:37:15,944 [INFO] IPUIPlugin:80 - create IPUIPlugin
2025-06-06 06:37:15,944 [INFO] PluginManager:220 - loadIPPluginJar : add spi
2025-06-06 06:37:15,951 [INFO] IPUIPlugin:80 - create IPUIPlugin
2025-06-06 06:37:15,951 [INFO] PluginManager:220 - loadIPPluginJar : add stm32_wpan
2025-06-06 06:37:15,953 [INFO] IPUIPlugin:80 - create IPUIPlugin
2025-06-06 06:37:15,953 [INFO] PluginManager:220 - loadIPPluginJar : add tim
2025-06-06 06:37:15,956 [INFO] IPUIPlugin:80 - create IPUIPlugin
2025-06-06 06:37:15,956 [INFO] PluginManager:220 - loadIPPluginJar : add touchsensing
2025-06-06 06:37:15,957 [INFO] IPUIPlugin:80 - create IPUIPlugin
2025-06-06 06:37:15,957 [INFO] PluginManager:220 - loadIPPluginJar : add tracer_emb
2025-06-06 06:37:15,960 [INFO] IPUIPlugin:80 - create IPUIPlugin
2025-06-06 06:37:15,960 [INFO] PluginManager:220 - loadIPPluginJar : add ts
2025-06-06 06:37:15,961 [INFO] IPUIPlugin:80 - create IPUIPlugin
2025-06-06 06:37:15,961 [INFO] PluginManager:220 - loadIPPluginJar : add tsc
2025-06-06 06:37:15,963 [INFO] IPUIPlugin:80 - create IPUIPlugin
2025-06-06 06:37:15,963 [INFO] PluginManager:220 - loadIPPluginJar : add ucpd
2025-06-06 06:37:15,968 [INFO] IPUIPlugin:80 - create IPUIPlugin
2025-06-06 06:37:15,968 [INFO] PluginManager:220 - loadIPPluginJar : add usart
2025-06-06 06:37:15,971 [INFO] IPUIPlugin:80 - create IPUIPlugin
2025-06-06 06:37:15,972 [INFO] PluginManager:220 - loadIPPluginJar : add usbx
2025-06-06 06:37:16,100 [FATAL] Updater:351 - Updater called before beeing initialized
2025-06-06 06:37:16,132 [INFO] RulesReader:64 - Compatibility file has been processed (302 Rules)
2025-06-06 06:37:16,156 [INFO] RulesReader:64 - Compatibility file has been processed (302 Rules)
2025-06-06 06:37:16,165 [INFO] CADModel:165 - CPN selected for project level
2025-06-06 06:37:16,165 [INFO] CADModel:114 - Register for checkConnection events
2025-06-06 06:37:16,165 [FATAL] Updater:351 - Updater called before beeing initialized
2025-06-06 06:37:16,165 [ERROR] CADModel:125 - Updater not yet initialized, retry later 
2025-06-06 06:37:16,312 [FATAL] Updater:351 - Updater called before beeing initialized
2025-06-06 06:37:16,314 [INFO] CADModel:165 - CPN selected for project level
2025-06-06 06:37:16,314 [INFO] CADModel:114 - Register for checkConnection events
2025-06-06 06:37:16,314 [FATAL] Updater:351 - Updater called before beeing initialized
2025-06-06 06:37:16,315 [ERROR] CADModel:125 - Updater not yet initialized, retry later 
2025-06-06 06:37:16,317 [FATAL] Updater:351 - Updater called before beeing initialized
2025-06-06 06:37:16,449 [FATAL] Updater:351 - Updater called before beeing initialized
2025-06-06 06:37:16,453 [INFO] DbMcusAds:53 - JSON generation date=Wed May 07 04:07:55 CDT 2025 (1746608875484)
2025-06-06 06:37:16,455 [FATAL] Updater:351 - Updater called before beeing initialized
2025-06-06 06:37:16,493 [WARN] DetailPanel:346 - Failed to get advertising image, set to default
2025-06-06 06:37:16,803 [FATAL] Updater:351 - Updater called before beeing initialized
2025-06-06 06:37:16,807 [FATAL] Updater:351 - Updater called before beeing initialized
2025-06-06 06:37:16,807 [FATAL] Updater:351 - Updater called before beeing initialized
2025-06-06 06:37:16,807 [WARN] DetailPanel:346 - Failed to get advertising image, set to default
2025-06-06 06:37:16,807 [FATAL] Updater:351 - Updater called before beeing initialized
2025-06-06 06:37:16,865 [ERROR] Updater:1198 - MainUpdater not yet initialized. External WinMGr cannot be set.
2025-06-06 06:37:16,867 [INFO] Updater:1134 - Updater Version found : 6.14.1
2025-06-06 06:37:16,887 [INFO] ApplicationProperties:184 - Using Application install path: C:\ST\STM32CubeIDE_1.18.1\STM32CubeIDE\plugins\com.st.stm32cube.common.mx_6.14.1.202504091515
2025-06-06 06:37:18,252 [INFO] ThirdPartyUpdaterWithRetryManager:70 - Updater plugin not ready yet. [2/15]
2025-06-06 06:37:18,459 [ERROR] LogOutputStream:75 - [STDERR_REDIRECT] Jun 06, 2025 6:37:18 AM java.util.prefs.WindowsPreferences <init>
2025-06-06 06:37:18,461 [ERROR] LogOutputStream:75 - [STDERR_REDIRECT] WARNING: Could not open/create prefs root node Software\JavaSoft\Prefs at root 0xffffffff80000002. Windows RegCreateKeyEx(...) returned error code 5.
2025-06-06 06:37:18,461 [ERROR] LogOutputStream:75 - [STDERR_REDIRECT] 
2025-06-06 06:37:18,964 [INFO] MainUpdater:2872 - connection check result : 10
2025-06-06 06:37:18,965 [INFO] MainUpdater:289 - Updater Check For Update Now.
2025-06-06 06:37:18,965 [INFO] MicroXplorer:498 - Change Database Version : DB.6.0.141
2025-06-06 06:37:18,975 [INFO] McuFinderGlobals:63 - Set McuFinder mode to 2 (CubeIDE integrated)
2025-06-06 06:37:18,976 [INFO] UserAuth:484 - Internet connection configuration mode: 1
2025-06-06 06:37:19,000 [INFO] JxBrowserEngine:152 - Initiate JxBrowser Engine with user profile folder
2025-06-06 06:37:19,178 [INFO] CheckServerUpdateThread:120 - End of CheckServer Thread
2025-06-06 06:37:19,933 [INFO] WebApp:169 - Instantiating new browser for Auth
2025-06-06 06:37:20,984 [INFO] WebApp:463 - Apply proxy settings
2025-06-06 06:37:20,984 [INFO] WebApp:548 - Chromium requires no authentication
2025-06-06 06:37:20,995 [INFO] WebApp:491 - Direct internet connection detected
2025-06-06 06:37:21,021 [INFO] WebApp:894 - Register for checkConnection events
2025-06-06 06:37:21,021 [INFO] WebApp:463 - Apply proxy settings
2025-06-06 06:37:21,021 [INFO] WebApp:548 - Chromium requires no authentication
2025-06-06 06:37:21,022 [INFO] WebApp:491 - Direct internet connection detected
2025-06-06 06:37:21,172 [INFO] WebApp:225 - Starting web application
2025-06-06 06:37:21,172 [INFO] WebApp:593 - Web application path used C:\ST\STM32CubeIDE_1.18.1\STM32CubeIDE\plugins\com.st.stm32cube.common.mx_6.14.1.202504091515\db\plugins\mcufinder\reactClient1\index.html
2025-06-06 06:37:21,312 [INFO] UserAuth:484 - Internet connection configuration mode: 1
2025-06-06 06:37:21,449 [INFO] WebApp:191 - Connection restablished
2025-06-06 06:37:21,812 [WARN] PackLoader:240 - Cannot read IP mode file for STMicroelectronics.FP-SNS-MOTENVWB1.1.4.0
2025-06-06 06:37:21,829 [WARN] PackLoader:240 - Cannot read IP mode file for STMicroelectronics.FP-ATR-ASTRA1.2.0.2
2025-06-06 06:37:21,848 [WARN] PackLoader:240 - Cannot read IP mode file for STMicroelectronics.X-CUBE-SMBUS.2.1.0
2025-06-06 06:37:21,858 [WARN] PackLoader:240 - Cannot read IP mode file for STMicroelectronics.X-CUBE-ST60.1.0.0
2025-06-06 06:37:21,924 [WARN] PackLoader:240 - Cannot read IP mode file for STMicroelectronics.X-CUBE-AZRTOS-F7.1.1.0
2025-06-06 06:37:21,992 [WARN] PackLoader:240 - Cannot read IP mode file for Infineon.AIROC-Wi-Fi-Bluetooth-STM32.1.7.0
2025-06-06 06:37:22,018 [WARN] PackLoader:240 - Cannot read IP mode file for STMicroelectronics.X-CUBE-DISPLAY.3.0.0
2025-06-06 06:37:22,042 [WARN] PackLoader:240 - Cannot read IP mode file for STMicroelectronics.X-CUBE-NFC10.1.0.0
2025-06-06 06:37:22,065 [WARN] PackLoader:240 - Cannot read IP mode file for STMicroelectronics.X-CUBE-BLEMGR.4.0.0
2025-06-06 06:37:22,084 [WARN] PackLoader:240 - Cannot read IP mode file for emotas.I-CUBE-CANOPEN.1.3.0
2025-06-06 06:37:22,093 [WARN] ConditionMgr:438 - getConditionDescription Invalid condition id : Cortex-A Device cause : null
2025-06-06 06:37:22,115 [WARN] ConditionMgr:1044 - genDependencies : Invalid condition id : Cortex-A Device cause : null
2025-06-06 06:37:22,116 [WARN] ConditionMgr:1044 - genDependencies : Invalid condition id : Cortex-A Device cause : null
2025-06-06 06:37:22,116 [WARN] ConditionMgr:1044 - genDependencies : Invalid condition id : Cortex-A Device cause : null
2025-06-06 06:37:22,125 [WARN] PackLoader:240 - Cannot read IP mode file for STMicroelectronics.X-CUBE-AI.10.0.0
2025-06-06 06:37:22,132 [WARN] PackLoader:240 - Cannot read IP mode file for STMicroelectronics.FP-SNS-SMARTAG2.1.2.0
2025-06-06 06:37:22,142 [WARN] PackLoader:240 - Cannot read IP mode file for STMicroelectronics.FP-SNS-FLIGHT1.5.1.0
2025-06-06 06:37:22,161 [INFO] LogOutputStream:77 - [STDOUT_REDIRECT] 1 : Invalid condition id : UX_CORESTACK_Condition cause : null
2025-06-06 06:37:22,162 [INFO] LogOutputStream:77 - [STDOUT_REDIRECT] 1 : Invalid condition id : UX_CORESTACK_Condition cause : null
2025-06-06 06:37:22,164 [INFO] LogOutputStream:77 - [STDOUT_REDIRECT] 1 : Invalid condition id : UX_CORESTACK_Condition cause : null
2025-06-06 06:37:22,166 [INFO] LogOutputStream:77 - [STDOUT_REDIRECT] 1 : Invalid condition id : UX_CORESTACK_Condition cause : null
2025-06-06 06:37:22,167 [INFO] LogOutputStream:77 - [STDOUT_REDIRECT] 1 : Invalid condition id : UX_CORESTACK_Condition cause : null
2025-06-06 06:37:22,174 [WARN] PackLoader:240 - Cannot read IP mode file for STMicroelectronics.X-CUBE-AZRTOS-WL.2.0.0
2025-06-06 06:37:22,183 [WARN] PackLoader:240 - Cannot read IP mode file for STMicroelectronics.FP-SNS-MOTENV1.5.0.0
2025-06-06 06:37:22,199 [WARN] PackLoader:240 - Cannot read IP mode file for WES.I-CUBE-Cesium.1.3.0
2025-06-06 06:37:22,209 [WARN] PackLoader:240 - Cannot read IP mode file for STMicroelectronics.X-CUBE-BLE2.3.3.0
2025-06-06 06:37:22,220 [WARN] PackLoader:240 - Cannot read IP mode file for STMicroelectronics.X-CUBE-NFC9.1.0.0
2025-06-06 06:37:22,234 [WARN] PackLoader:240 - Cannot read IP mode file for wolfSSL.I-CUBE-wolfSSL.5.8.0
2025-06-06 06:37:22,244 [WARN] PackLoader:240 - Cannot read IP mode file for STMicroelectronics.X-CUBE-BLE1.7.1.0
2025-06-06 06:37:22,251 [WARN] PackLoader:240 - Cannot read IP mode file for wolfSSL.I-CUBE-wolfMQTT.1.19.2
2025-06-06 06:37:22,255 [WARN] PackLoader:240 - Cannot read IP mode file for STMicroelectronics.X-CUBE-AI.10.1.0
2025-06-06 06:37:22,388 [WARN] PackLoader:240 - Cannot read IP mode file for STMicroelectronics.X-CUBE-MEMS1.11.2.0
2025-06-06 06:37:22,704 [WARN] PackLoader:240 - Cannot read IP mode file for STMicroelectronics.X-CUBE-AZRTOS-G0.1.1.0
2025-06-06 06:37:22,719 [WARN] PackLoader:240 - Cannot read IP mode file for STMicroelectronics.X-CUBE-SAFEA1.1.2.2
2025-06-06 06:37:22,728 [WARN] PackLoader:240 - Cannot read IP mode file for STMicroelectronics.X-CUBE-NFC4.3.0.0
2025-06-06 06:37:22,741 [WARN] PackLoader:240 - Cannot read IP mode file for EmbeddedOffice.I-CUBE-FS-RTOS.1.0.1
2025-06-06 06:37:22,752 [WARN] PackLoader:240 - Cannot read IP mode file for STMicroelectronics.X-CUBE-WB05N.2.0.0
2025-06-06 06:37:22,759 [WARN] PackLoader:240 - Cannot read IP mode file for wolfSSL.I-CUBE-wolfTPM.3.8.0
2025-06-06 06:37:22,768 [WARN] PackLoader:240 - Cannot read IP mode file for STMicroelectronics.X-CUBE-TCPP.4.2.0
2025-06-06 06:37:22,778 [WARN] PackLoader:240 - Cannot read IP mode file for RealThread.X-CUBE-RT-Thread_Nano.4.1.1
2025-06-06 06:37:22,785 [WARN] PackLoader:240 - Cannot read IP mode file for STMicroelectronics.FP-ATR-SIGFOX1.3.2.0
2025-06-06 06:37:22,795 [WARN] PackLoader:240 - Cannot read IP mode file for STMicroelectronics.X-CUBE-EEPRMA1.5.1.0
2025-06-06 06:37:22,808 [WARN] PackLoader:240 - Cannot read IP mode file for ITTIA_DB.I-CUBE-ITTIADB.8.9.0
2025-06-06 06:37:22,819 [WARN] PackLoader:240 - Cannot read IP mode file for STMicroelectronics.X-CUBE-ST67W61.1.0.0
2025-06-06 06:37:22,859 [WARN] PackLoader:240 - Cannot read IP mode file for SEGGER.I-CUBE-embOS.1.3.1
2025-06-06 06:37:22,932 [WARN] PackLoader:240 - Cannot read IP mode file for STMicroelectronics.X-CUBE-ALGOBUILD.1.4.0
2025-06-06 06:37:22,955 [WARN] PackLoader:240 - Cannot read IP mode file for STMicroelectronics.X-CUBE-AZRTOS-F4.1.1.0
2025-06-06 06:37:22,967 [WARN] PackLoader:240 - Cannot read IP mode file for Avnet-IotConnect.X-CUBE-IoTC-DA16k-PMOD.1.0.0
2025-06-06 06:37:22,975 [WARN] PackLoader:240 - Cannot read IP mode file for STMicroelectronics.X-CUBE-ISPU.2.1.0
2025-06-06 06:37:23,001 [WARN] PackLoader:240 - Cannot read IP mode file for STMicroelectronics.X-CUBE-AZRTOS-L5.2.0.0
2025-06-06 06:37:23,017 [WARN] PackLoader:240 - Cannot read IP mode file for STMicroelectronics.X-CUBE-NFC6.3.1.0
2025-06-06 06:37:23,029 [WARN] PackLoader:240 - Cannot read IP mode file for STMicroelectronics.X-CUBE-FREERTOS.1.3.1
2025-06-06 06:37:23,033 [WARN] PackLoader:240 - Cannot read IP mode file for STMicroelectronics.X-CUBE-FREERTOS.1.3.0
2025-06-06 06:37:23,039 [WARN] PackLoader:240 - Cannot read IP mode file for STMicroelectronics.X-CUBE-DPower.1.3.0
2025-06-06 06:37:23,066 [WARN] ConditionMgr:438 - getConditionDescription Invalid condition id : LAN8742 Phy interface Condition cause : null
2025-06-06 06:37:23,068 [WARN] PackLoader:240 - Cannot read IP mode file for STMicroelectronics.X-CUBE-AZRTOS-L4.2.0.0
2025-06-06 06:37:23,070 [WARN] ConditionMgr:1044 - genDependencies : Invalid condition id : LAN8742 Phy interface Condition cause : null
2025-06-06 06:37:23,070 [WARN] ConditionMgr:1044 - genDependencies : Invalid condition id : LAN8742 Phy interface Condition cause : null
2025-06-06 06:37:23,071 [WARN] ConditionMgr:1044 - genDependencies : Invalid condition id : LAN8742 Phy interface Condition cause : null
2025-06-06 06:37:23,081 [WARN] PackLoader:240 - Cannot read IP mode file for STMicroelectronics.X-CUBE-SFXS2LP1.4.0.0
2025-06-06 06:37:23,115 [WARN] PackLoader:240 - Cannot read IP mode file for STMicroelectronics.X-CUBE-AZRTOS-H7.3.3.0
2025-06-06 06:37:23,138 [WARN] ConditionMgr:438 - getConditionDescription Invalid condition id : UX DEVICE CLASS RTOS Condition cause : null
2025-06-06 06:37:23,138 [WARN] ConditionMgr:438 - getConditionDescription Invalid condition id : UX DEVICE CLASS RTOS Condition cause : null
2025-06-06 06:37:23,142 [WARN] PackLoader:240 - Cannot read IP mode file for STMicroelectronics.X-CUBE-AZRTOS-WB.2.0.0
2025-06-06 06:37:23,143 [WARN] ConditionMgr:1044 - genDependencies : Invalid condition id : UX DEVICE CLASS RTOS Condition cause : null
2025-06-06 06:37:23,143 [WARN] ConditionMgr:1044 - genDependencies : Invalid condition id : UX DEVICE CLASS RTOS Condition cause : null
2025-06-06 06:37:23,143 [WARN] ConditionMgr:1044 - genDependencies : Invalid condition id : UX DEVICE CLASS RTOS Condition cause : null
2025-06-06 06:37:23,144 [WARN] ConditionMgr:1044 - genDependencies : Invalid condition id : UX DEVICE CLASS RTOS Condition cause : null
2025-06-06 06:37:23,144 [WARN] ConditionMgr:1044 - genDependencies : Invalid condition id : UX DEVICE CLASS RTOS Condition cause : null
2025-06-06 06:37:23,153 [WARN] PackLoader:240 - Cannot read IP mode file for STMicroelectronics.X-CUBE-GNSS1.7.0.1
2025-06-06 06:37:23,161 [WARN] PackLoader:240 - Cannot read IP mode file for STMicroelectronics.X-CUBE-TOUCHGFX.4.25.0
2025-06-06 06:37:23,170 [WARN] PackLoader:240 - Cannot read IP mode file for STMicroelectronics.FP-SNS-STBOX1.2.0.0
2025-06-06 06:37:23,188 [WARN] PackLoader:240 - Cannot read IP mode file for STMicroelectronics.X-CUBE-SUBG2.5.0.0
2025-06-06 06:37:23,216 [WARN] PackLoader:240 - Cannot read IP mode file for STMicroelectronics.X-CUBE-AZRTOS-H7RS.1.1.0
2025-06-06 06:37:23,225 [WARN] PackLoader:240 - Cannot read IP mode file for Cesanta.I-CUBE-Mongoose.7.13.0
2025-06-06 06:37:23,238 [WARN] PackLoader:240 - Cannot read IP mode file for STMicroelectronics.X-CUBE-AZRTOS-G4.2.0.0
2025-06-06 06:37:23,247 [WARN] PackLoader:240 - Cannot read IP mode file for wolfSSL.I-CUBE-wolfSSH.1.4.20
2025-06-06 06:37:23,255 [WARN] PackLoader:240 - Cannot read IP mode file for STMicroelectronics.X-CUBE-NFC7.2.0.0
2025-06-06 06:37:23,275 [WARN] PackLoader:240 - Cannot read IP mode file for STMicroelectronics.X-CUBE-IPS.3.1.0
2025-06-06 06:37:23,288 [WARN] PackLoader:240 - Cannot read IP mode file for STMicroelectronics.X-CUBE-ALS.1.0.2
2025-06-06 06:37:23,298 [WARN] PackLoader:240 - Cannot read IP mode file for portGmbH.I-Cube-SoM-uGOAL.1.1.0
2025-06-06 06:37:23,313 [WARN] PackLoader:240 - Cannot read IP mode file for STMicroelectronics.X-CUBE-TOF1.3.4.3
2025-06-06 06:37:23,329 [INFO] ThirdParty:978 - Integrity check success = true
2025-06-06 06:37:23,329 [INFO] IntegrityCheckThread:100 - exiting critical section [integrity check]
2025-06-06 06:37:23,330 [INFO] IntegrityCheckThread:103 - End integrity checks thread
2025-06-06 06:37:56,339 [ERROR] LogOutputStream:75 - [STDERR_REDIRECT] SLF4J: Failed to load class "org.slf4j.impl.StaticLoggerBinder".
2025-06-06 06:37:56,340 [ERROR] LogOutputStream:75 - [STDERR_REDIRECT] SLF4J: Defaulting to no-operation (NOP) logger implementation
2025-06-06 06:37:56,341 [ERROR] LogOutputStream:75 - [STDERR_REDIRECT] SLF4J: See http://www.slf4j.org/codes.html#StaticLoggerBinder for further details.
